  pH           0     1     2     3     4     5     6     7     8     9    10    11    12    13    14
NTR+A0001_  1.00  1.00  1.00  1.00  1.00  0.95  0.67  0.18  0.02  0.00  0.00  0.00  0.00  0.00  0.00
LYS+A0001_  1.00  1.00  1.00  1.00  1.00  1.00  1.00  1.00  0.98  0.81  0.30  0.05  0.01  0.00  0.00
ARG+A0005_  1.00  1.00  1.00  1.00  1.00  1.00  1.00  1.00  1.00  1.00  0.99  0.96  0.81  0.38  0.09
GLU-A0007_ -0.00 -0.01 -0.07 -0.39 -0.85 -0.98 -1.00 -1.00 -1.00 -1.00 -1.00 -1.00 -1.00 -1.00 -1.00
LYS+A0013_  1.00  1.00  1.00  1.00  1.00  1.00  1.00  1.00  1.00  0.99  0.95  0.67  0.19  0.03  0.00
ARG+A0014_  1.00  1.00  1.00  1.00  1.00  1.00  1.00  1.00  1.00  1.00  1.00  0.99  0.95  0.68  0.19
HIS+A0015_  1.00  1.00  1.00  1.00  1.00  0.99  0.93  0.59  0.13  0.02  0.00  0.00  0.00  0.00  0.00
ASP-A0018_ -0.01 -0.10 -0.49 -0.88 -0.98 -1.00 -1.00 -1.00 -1.00 -1.00 -1.00 -1.00 -1.00 -1.00 -1.00
TYR-A0020_ -0.00 -0.00 -0.00 -0.00 -0.00 -0.00 -0.00 -0.00 -0.00 -0.00 -0.01 -0.04 -0.08 -0.31 -0.71
ARG+A0021_  1.00  1.00  1.00  1.00  1.00  1.00  1.00  1.00  1.00  1.00  1.00  0.98  0.91  0.59  0.21
TYR-A0023_ -0.00 -0.00 -0.00 -0.00 -0.00 -0.00 -0.00 -0.00 -0.01 -0.07 -0.33 -0.78 -0.96 -0.99 -1.00
LYS+A0033_  1.00  1.00  1.00  1.00  1.00  1.00  1.00  1.00  1.00  0.99  0.88  0.43  0.08  0.02  0.00
GLU-A0035_ -0.00 -0.00 -0.01 -0.03 -0.10 -0.45 -0.89 -0.99 -1.00 -1.00 -1.00 -1.00 -1.00 -1.00 -1.00
ARG+A0045_  1.00  1.00  1.00  1.00  1.00  1.00  1.00  1.00  1.00  1.00  1.00  0.99  0.90  0.53  0.18
ASP-A0048_ -0.05 -0.34 -0.82 -0.97 -1.00 -1.00 -1.00 -1.00 -1.00 -1.00 -1.00 -1.00 -1.00 -1.00 -1.00
ASP-A0052_ -0.00 -0.01 -0.11 -0.50 -0.90 -0.98 -0.99 -1.00 -1.00 -1.00 -1.00 -1.00 -1.00 -1.00 -1.00
TYR-A0053_ -0.00 -0.00 -0.00 -0.00 -0.00 -0.00 -0.00 -0.00 -0.00 -0.00 -0.00 -0.00 -0.00 -0.00 -0.00
ARG+A0061_  1.00  1.00  1.00  1.00  1.00  1.00  1.00  1.00  1.00  1.00  1.00  1.00  0.97  0.87  0.53
ASP-A0066_ -0.02 -0.16 -0.61 -0.92 -0.99 -1.00 -1.00 -1.00 -1.00 -1.00 -1.00 -1.00 -1.00 -1.00 -1.00
ARG+A0068_  1.00  1.00  1.00  1.00  1.00  1.00  1.00  1.00  1.00  1.00  1.00  1.00  0.96  0.80  0.41
ARG+A0073_  1.00  1.00  1.00  1.00  1.00  1.00  1.00  1.00  1.00  1.00  1.00  0.97  0.83  0.36  0.08
ASP-A0087_ -0.01 -0.05 -0.32 -0.80 -0.98 -0.99 -1.00 -1.00 -1.00 -1.00 -1.00 -1.00 -1.00 -1.00 -1.00
LYS+A0096_  1.00  1.00  1.00  1.00  1.00  1.00  1.00  1.00  1.00  0.96  0.76  0.32  0.08  0.02  0.01
LYS+A0097_  1.00  1.00  1.00  1.00  1.00  1.00  1.00  1.00  1.00  0.98  0.85  0.42  0.08  0.01  0.00
ASP-A0101_ -0.00 -0.00 -0.01 -0.10 -0.50 -0.90 -0.99 -1.00 -1.00 -1.00 -1.00 -1.00 -1.00 -1.00 -1.00
ARG+A0112_  1.00  1.00  1.00  1.00  1.00  1.00  1.00  1.00  1.00  1.00  1.00  0.98  0.86  0.41  0.09
ARG+A0114_  1.00  1.00  1.00  1.00  1.00  1.00  1.00  1.00  1.00  1.00  1.00  0.99  0.93  0.64  0.17
LYS+A0116_  1.00  1.00  1.00  1.00  1.00  1.00  1.00  1.00  0.97  0.75  0.27  0.05  0.01  0.00  0.00
ASP-A0119_ -0.00 -0.00 -0.03 -0.20 -0.72 -0.96 -1.00 -1.00 -1.00 -1.00 -1.00 -1.00 -1.00 -1.00 -1.00
ARG+A0125_  1.00  1.00  1.00  1.00  1.00  1.00  1.00  1.00  1.00  1.00  1.00  0.98  0.90  0.54  0.13
ARG+A0128_  1.00  1.00  1.00  1.00  1.00  1.00  1.00  1.00  1.00  1.00  1.00  0.99  0.93  0.65  0.17
CTR-A0129_ -0.00 -0.05 -0.29 -0.75 -0.96 -0.99 -1.00 -1.00 -1.00 -1.00 -1.00 -1.00 -1.00 -1.00 -1.00
----------
Net_Charge 18.90 18.28 16.26 13.46 11.01  9.68  8.73  7.78  7.08  6.44  4.64  1.96 -0.65 -4.78 -9.45
Protons    18.90 18.28 16.26 13.46 11.01  9.68  8.73  7.78  7.08  6.44  4.64  1.96 -0.65 -4.78 -9.45
Electrons   0.00  0.00  0.00  0.00  0.00  0.00  0.00  0.00  0.00  0.00  0.00  0.00  0.00  0.00  0.00
